A Game Without a Name.log opened on 4/22/2016 11:40:4

A Game Without a Name.log opened on 4/22/2016 11:40:57

A Game Without a Name.log opened on 4/22/2016 11:41:56
Diamond systems are online and ready to roll.
Launching A Game Without a Name

A Game Without a Name.log opened on 4/22/2016 11:45:47
Diamond systems are online and ready to roll.
Launching A Game Without a Name
Game ended, Diamond systems shutting down...

A Game Without a Name.log opened on 4/22/2016 11:46:20
Diamond systems are online and ready to roll.
Launching A Game Without a Name
Failed to load image spike.png! SDL_image Error: Couldn't open spike.png
Game ended, Diamond systems shutting down...

A Game Without a Name.log opened on 4/22/2016 11:46:50
Diamond systems are online and ready to roll.
Launching A Game Without a Name
Failed to load sound haha.wav! SDL_mixer Error: Mix_LoadWAV_RW with NULL src
A Game Without a Name.log opened on 4/22/2016 11:48:13
Diamond systems are online and ready to roll.
Launching A Game Without a Name
Failed to load sound haha.wav! SDL_mixer Error: Mix_LoadWAV_RW with NULL src
Game ended, Diamond systems shutting down...


A Game Without a Name.log opened on 4/22/2016 11:49:34
Diamond systems are online and ready to roll.
Launching A Game Without a Name
Failed to load sound haha.wav! SDL_mixer Error: Mix_LoadWAV_RW with NULL src
Game ended, Diamond systems shutting down...

A Game Without a Name.log opened on 4/22/2016 11:49:50
Diamond systems are online and ready to roll.
Launching A Game Without a Name
Game ended, Diamond systems shutting down...

A Game Without a Name.log opened on 4/22/2016 12:01:30
Diamond systems are online and ready to roll.
Launching A Game Without a Name
Game ended, Diamond systems shutting down...

A Game Without a Name.log opened on 4/23/2016 0:41:37
Diamond systems are online and ready to roll.
Launching A Game Without a Name
Game ended, Diamond systems shutting down...

A Game Without a Name.log opened on 4/25/2016 23:43:35
Diamond systems are online and ready to roll.
Launching A Game Without a Name
Game ended, Diamond systems shutting down...

A Game Without a Name.log opened on 5/5/2016 13:13:41
Diamond systems are online and ready to roll.
Launching A Game Without a Name
Animator2D ERROR: The given render component is nulL!

A Game Without a Name.log opened on 5/5/2016 13:17:56
Diamond systems are online and ready to roll.
Launching A Game Without a Name
Game ended, Diamond systems shutting down...

A Game Without a Name.log opened on 5/5/2016 13:18:49
Diamond systems are online and ready to roll.
Launching A Game Without a Name
Game ended, Diamond systems shutting down...

A Game Without a Name.log opened on 5/5/2016 13:18:56
Diamond systems are online and ready to roll.
Launching A Game Without a Name
Game ended, Diamond systems shutting down...

A Game Without a Name.log opened on 5/5/2016 20:11:16
Diamond systems are online and ready to roll.
Launching A Game Without a Name
Game ended, Diamond systems shutting down...

A Game Without a Name.log opened on 5/5/2016 20:11:50
Diamond systems are online and ready to roll.
Launching A Game Without a Name
Game ended, Diamond systems shutting down...

A Game Without a Name.log opened on 5/6/2016 0:34:40
Diamond systems are online and ready to roll.
Launching A Game Without a Name
Game ended, Diamond systems shutting down...

A Game Without a Name.log opened on 5/6/2016 0:35:26
Diamond systems are online and ready to roll.
Launching A Game Without a Name
Game ended, Diamond systems shutting down...

A Game Without a Name.log opened on 5/6/2016 0:35:30
Diamond systems are online and ready to roll.
Launching A Game Without a Name
Game ended, Diamond systems shutting down...

A Game Without a Name.log opened on 5/6/2016 0:38:17
Diamond systems are online and ready to roll.
Launching A Game Without a Name
Game ended, Diamond systems shutting down...

A Game Without a Name.log opened on 5/6/2016 0:38:22
Diamond systems are online and ready to roll.
Launching A Game Without a Name
Game ended, Diamond systems shutting down...

A Game Without a Name.log opened on 5/11/2016 11:15:00
Diamond systems are online and ready to roll.
Launching A Game Without a Name
Game ended, Diamond systems shutting down...

A Game Without a Name.log opened on 5/11/2016 11:15:08
Diamond systems are online and ready to roll.
Launching A Game Without a Name
Game ended, Diamond systems shutting down...

A Game Without a Name.log opened on 5/11/2016 11:16:16
Diamond systems are online and ready to roll.
Launching A Game Without a Name
Game ended, Diamond systems shutting down...

A Game Without a Name.log opened on 5/11/2016 11:16:17
Diamond systems are online and ready to roll.
Launching A Game Without a Name

A Game Without a Name.log opened on 5/11/2016 12:34:48
Diamond systems are online and ready to roll.
Launching A Game Without a Name
Game ended, Diamond systems shutting down...

A Game Without a Name.log opened on 5/11/2016 12:34:52
Diamond systems are online and ready to roll.
Launching A Game Without a Name
Game ended, Diamond systems shutting down...

A Game Without a Name.log opened on 5/11/2016 17:20:43
Diamond systems are online and ready to roll.
Launching A Game Without a Name
Game ended, Diamond systems shutting down...

A Game Without a Name.log opened on 5/11/2016 17:20:48
Diamond systems are online and ready to roll.
Launching A Game Without a Name
Game ended, Diamond systems shutting down...

A Game Without a Name.log opened on 5/11/2016 17:21:18
Diamond systems are online and ready to roll.
Launching A Game Without a Name
Game ended, Diamond systems shutting down...

A Game Without a Name.log opened on 5/11/2016 17:21:24
Diamond systems are online and ready to roll.
Launching A Game Without a Name
Game ended, Diamond systems shutting down...

A Game Without a Name.log opened on 5/11/2016 17:21:27
Diamond systems are online and ready to roll.
Launching A Game Without a Name
Game ended, Diamond systems shutting down...

A Game Without a Name.log opened on 5/11/2016 17:21:37
Diamond systems are online and ready to roll.
Launching A Game Without a Name
Game ended, Diamond systems shutting down...

A Game Without a Name.log opened on 5/11/2016 17:25:21
Diamond systems are online and ready to roll.
Launching A Game Without a Name
Game ended, Diamond systems shutting down...

A Game Without a Name.log opened on 5/11/2016 17:25:29
Diamond systems are online and ready to roll.
Launching A Game Without a Name
Game ended, Diamond systems shutting down...

A Game Without a Name.log opened on 5/11/2016 17:26:30
Diamond systems are online and ready to roll.
Launching A Game Without a Name
Game ended, Diamond systems shutting down...

A Game Without a Name.log opened on 5/11/2016 17:26:43
Diamond systems are online and ready to roll.
Launching A Game Without a Name
Game ended, Diamond systems shutting down...

A Game Without a Name.log opened on 5/11/2016 17:27:34
Diamond systems are online and ready to roll.
Launching A Game Without a Name
Game ended, Diamond systems shutting down...

A Game Without a Name.log opened on 5/11/2016 17:27:43
Diamond systems are online and ready to roll.
Launching A Game Without a Name
Game ended, Diamond systems shutting down...

A Game Without a Name.log opened on 5/11/2016 17:27:57
Diamond systems are online and ready to roll.
Launching A Game Without a Name
Game ended, Diamond systems shutting down...

A Game Without a Name.log opened on 5/11/2016 17:28:02
Diamond systems are online and ready to roll.
Launching A Game Without a Name
Game ended, Diamond systems shutting down...

A Game Without a Name.log opened on 5/11/2016 17:28:53
Diamond systems are online and ready to roll.
Launching A Game Without a Name
Game ended, Diamond systems shutting down...

A Game Without a Name.log opened on 5/11/2016 17:29:11
Diamond systems are online and ready to roll.
Launching A Game Without a Name
Game ended, Diamond systems shutting down...

A Game Without a Name.log opened on 5/11/2016 17:29:22
Diamond systems are online and ready to roll.
Launching A Game Without a Name
Game ended, Diamond systems shutting down...

A Game Without a Name.log opened on 5/11/2016 17:29:30
Diamond systems are online and ready to roll.
Launching A Game Without a Name
Game ended, Diamond systems shutting down...

A Game Without a Name.log opened on 5/11/2016 17:34:20
Diamond systems are online and ready to roll.
Launching A Game Without a Name
Game ended, Diamond systems shutting down...

A Game Without a Name.log opened on 5/11/2016 17:34:23
Diamond systems are online and ready to roll.
Launching A Game Without a Name
Game ended, Diamond systems shutting down...

A Game Without a Name.log opened on 5/11/2016 17:34:34
Diamond systems are online and ready to roll.
Launching A Game Without a Name
Game ended, Diamond systems shutting down...

A Game Without a Name.log opened on 5/11/2016 17:34:42
Diamond systems are online and ready to roll.
Launching A Game Without a Name
Game ended, Diamond systems shutting down...

A Game Without a Name.log opened on 5/11/2016 17:36:37
Diamond systems are online and ready to roll.
Launching A Game Without a Name
Game ended, Diamond systems shutting down...

A Game Without a Name.log opened on 5/11/2016 17:36:38
Diamond systems are online and ready to roll.
Launching A Game Without a Name
Game ended, Diamond systems shutting down...

A Game Without a Name.log opened on 5/11/2016 18:00:30
Diamond systems are online and ready to roll.
Launching A Game Without a Name
Game ended, Diamond systems shutting down...

A Game Without a Name.log opened on 5/11/2016 18:00:46
Diamond systems are online and ready to roll.
Launching A Game Without a Name
Game ended, Diamond systems shutting down...

A Game Without a Name.log opened on 5/11/2016 18:19:01
Diamond systems are online and ready to roll.
Launching A Game Without a Name
Game ended, Diamond systems shutting down...

A Game Without a Name.log opened on 5/11/2016 18:19:15
Diamond systems are online and ready to roll.
Launching A Game Without a Name
Game ended, Diamond systems shutting down...

A Game Without a Name.log opened on 5/11/2016 18:22:52
Diamond systems are online and ready to roll.
Launching A Game Without a Name
Game ended, Diamond systems shutting down...

A Game Without a Name.log opened on 5/11/2016 18:23:18
Diamond systems are online and ready to roll.
Launching A Game Without a Name
Game ended, Diamond systems shutting down...

A Game Without a Name.log opened on 5/11/2016 18:23:35
Diamond systems are online and ready to roll.
Launching A Game Without a Name
Game ended, Diamond systems shutting down...

A Game Without a Name.log opened on 5/11/2016 18:23:56
Diamond systems are online and ready to roll.
Launching A Game Without a Name
Game ended, Diamond systems shutting down...

A Game Without a Name.log opened on 5/11/2016 18:32:47
Diamond systems are online and ready to roll.
Launching A Game Without a Name
Game ended, Diamond systems shutting down...

A Game Without a Name.log opened on 5/11/2016 18:33:24
Diamond systems are online and ready to roll.
Launching A Game Without a Name
Game ended, Diamond systems shutting down...

A Game Without a Name.log opened on 5/11/2016 18:33:55
Diamond systems are online and ready to roll.
Launching A Game Without a Name
Game ended, Diamond systems shutting down...

A Game Without a Name.log opened on 5/11/2016 18:34:06
Diamond systems are online and ready to roll.
Launching A Game Without a Name
Game ended, Diamond systems shutting down...

A Game Without a Name.log opened on 5/11/2016 18:34:48
Diamond systems are online and ready to roll.
Launching A Game Without a Name
Game ended, Diamond systems shutting down...

A Game Without a Name.log opened on 5/11/2016 18:35:13
Diamond systems are online and ready to roll.
Launching A Game Without a Name
Game ended, Diamond systems shutting down...

A Game Without a Name.log opened on 5/11/2016 18:35:38
Diamond systems are online and ready to roll.
Launching A Game Without a Name
Game ended, Diamond systems shutting down...

A Game Without a Name.log opened on 5/11/2016 18:35:49
Diamond systems are online and ready to roll.
Launching A Game Without a Name
Game ended, Diamond systems shutting down...

A Game Without a Name.log opened on 5/11/2016 18:36:44
Diamond systems are online and ready to roll.
Launching A Game Without a Name
Game ended, Diamond systems shutting down...

A Game Without a Name.log opened on 5/11/2016 18:37:11
Diamond systems are online and ready to roll.
Launching A Game Without a Name
Game ended, Diamond systems shutting down...

A Game Without a Name.log opened on 5/11/2016 18:38:44
Diamond systems are online and ready to roll.
Launching A Game Without a Name
Game ended, Diamond systems shutting down...

A Game Without a Name.log opened on 5/11/2016 18:38:49
Diamond systems are online and ready to roll.
Launching A Game Without a Name
Game ended, Diamond systems shutting down...

A Game Without a Name.log opened on 5/11/2016 18:39:47
Diamond systems are online and ready to roll.
Launching A Game Without a Name
Game ended, Diamond systems shutting down...

A Game Without a Name.log opened on 5/11/2016 18:40:02
Diamond systems are online and ready to roll.
Launching A Game Without a Name
Game ended, Diamond systems shutting down...

A Game Without a Name.log opened on 5/11/2016 18:40:57
Diamond systems are online and ready to roll.
Launching A Game Without a Name

A Game Without a Name.log opened on 5/11/2016 18:41:39
Diamond systems are online and ready to roll.
Launching A Game Without a Name
Game ended, Diamond systems shutting down...

A Game Without a Name.log opened on 5/11/2016 18:42:04
Diamond systems are online and ready to roll.
Launching A Game Without a Name
Game ended, Diamond systems shutting down...

A Game Without a Name.log opened on 5/11/2016 18:51:26
Diamond systems are online and ready to roll.
Launching A Game Without a Name
Game ended, Diamond systems shutting down...

A Game Without a Name.log opened on 5/11/2016 18:51:41
Diamond systems are online and ready to roll.
Launching A Game Without a Name
Game ended, Diamond systems shutting down...

A Game Without a Name.log opened on 5/11/2016 18:53:54
Diamond systems are online and ready to roll.
Launching A Game Without a Name
Game ended, Diamond systems shutting down...

A Game Without a Name.log opened on 5/11/2016 18:54:37
Diamond systems are online and ready to roll.
Launching A Game Without a Name
Game ended, Diamond systems shutting down...

A Game Without a Name.log opened on 5/11/2016 18:57:04
Diamond systems are online and ready to roll.
Launching A Game Without a Name
Game ended, Diamond systems shutting down...

A Game Without a Name.log opened on 5/11/2016 18:57:24
Diamond systems are online and ready to roll.
Launching A Game Without a Name
Game ended, Diamond systems shutting down...

A Game Without a Name.log opened on 5/11/2016 18:57:27
Diamond systems are online and ready to roll.
Launching A Game Without a Name
Game ended, Diamond systems shutting down...

A Game Without a Name.log opened on 5/11/2016 18:58:06
Diamond systems are online and ready to roll.
Launching A Game Without a Name
Game ended, Diamond systems shutting down...

A Game Without a Name.log opened on 5/11/2016 19:07:40
Diamond systems are online and ready to roll.
Launching A Game Without a Name
Game ended, Diamond systems shutting down...

A Game Without a Name.log opened on 5/11/2016 19:07:47
Diamond systems are online and ready to roll.
Launching A Game Without a Name
Game ended, Diamond systems shutting down...

A Game Without a Name.log opened on 5/11/2016 19:08:55
Diamond systems are online and ready to roll.
Launching A Game Without a Name
Game ended, Diamond systems shutting down...

A Game Without a Name.log opened on 5/11/2016 19:09:27
Diamond systems are online and ready to roll.
Launching A Game Without a Name
Game ended, Diamond systems shutting down...

A Game Without a Name.log opened on 5/11/2016 19:09:50
Diamond systems are online and ready to roll.
Launching A Game Without a Name
Game ended, Diamond systems shutting down...

A Game Without a Name.log opened on 5/11/2016 19:10:17
Diamond systems are online and ready to roll.
Launching A Game Without a Name
Game ended, Diamond systems shutting down...

A Game Without a Name.log opened on 5/11/2016 21:33:06
Diamond systems are online and ready to roll.
Launching A Game Without a Name
Game ended, Diamond systems shutting down...

A Game Without a Name.log opened on 5/11/2016 21:33:08
Diamond systems are online and ready to roll.
Launching A Game Without a Name
Game ended, Diamond systems shutting down...

A Game Without a Name.log opened on 5/12/2016 14:38:20
Diamond systems are online and ready to roll.
Launching A Game Without a Name
Game ended, Diamond systems shutting down...

A Game Without a Name.log opened on 5/12/2016 14:38:27
Diamond systems are online and ready to roll.
Launching A Game Without a Name
Game ended, Diamond systems shutting down...

A Game Without a Name.log opened on 5/12/2016 14:38:47
Diamond systems are online and ready to roll.
Launching A Game Without a Name
Game ended, Diamond systems shutting down...

A Game Without a Name.log opened on 5/12/2016 14:38:53
Diamond systems are online and ready to roll.
Launching A Game Without a Name
Game ended, Diamond systems shutting down...

A Game Without a Name.log opened on 5/12/2016 14:41:35
Diamond systems are online and ready to roll.
Launching A Game Without a Name
Game ended, Diamond systems shutting down...

A Game Without a Name.log opened on 5/12/2016 14:41:40
Diamond systems are online and ready to roll.
Launching A Game Without a Name
Game ended, Diamond systems shutting down...

A Game Without a Name.log opened on 5/12/2016 14:44:33
Diamond systems are online and ready to roll.
Launching A Game Without a Name
Game ended, Diamond systems shutting down...

A Game Without a Name.log opened on 5/12/2016 14:44:35
Diamond systems are online and ready to roll.
Launching A Game Without a Name
Game ended, Diamond systems shutting down...

A Game Without a Name.log opened on 5/12/2016 14:46:45
Diamond systems are online and ready to roll.
Launching A Game Without a Name

A Game Without a Name.log opened on 5/12/2016 14:57:33
Diamond systems are online and ready to roll.
Launching A Game Without a Name

A Game Without a Name.log opened on 5/12/2016 14:58:59
Diamond systems are online and ready to roll.
Launching A Game Without a Name
Game ended, Diamond systems shutting down...

A Game Without a Name.log opened on 5/12/2016 14:59:23
Diamond systems are online and ready to roll.
Launching A Game Without a Name
Game ended, Diamond systems shutting down...

A Game Without a Name.log opened on 5/12/2016 14:59:46
Diamond systems are online and ready to roll.
Launching A Game Without a Name
Game ended, Diamond systems shutting down...

A Game Without a Name.log opened on 5/12/2016 15:00:45
Diamond systems are online and ready to roll.
Launching A Game Without a Name
Game ended, Diamond systems shutting down...

A Game Without a Name.log opened on 5/12/2016 17:40:01
Diamond systems are online and ready to roll.
Launching A Game Without a Name
Game ended, Diamond systems shutting down...

A Game Without a Name.log opened on 5/12/2016 17:42:22
Diamond systems are online and ready to roll.
Launching A Game Without a Name
Game ended, Diamond systems shutting down...

A Game Without a Name.log opened on 5/12/2016 17:42:36
Diamond systems are online and ready to roll.
Launching A Game Without a Name
Game ended, Diamond systems shutting down...

A Game Without a Name.log opened on 5/12/2016 17:42:40
Diamond systems are online and ready to roll.
Launching A Game Without a Name
Game ended, Diamond systems shutting down...

A Game Without a Name.log opened on 5/12/2016 17:58:57
Diamond systems are online and ready to roll.
Launching A Game Without a Name
Game ended, Diamond systems shutting down...

A Game Without a Name.log opened on 5/12/2016 17:59:04
Diamond systems are online and ready to roll.
Launching A Game Without a Name
Game ended, Diamond systems shutting down...

A Game Without a Name.log opened on 5/12/2016 17:59:38
Diamond systems are online and ready to roll.
Launching A Game Without a Name
Game ended, Diamond systems shutting down...

A Game Without a Name.log opened on 5/12/2016 18:00:05
Diamond systems are online and ready to roll.
Launching A Game Without a Name
Game ended, Diamond systems shutting down...

A Game Without a Name.log opened on 5/12/2016 18:00:12
Diamond systems are online and ready to roll.
Launching A Game Without a Name
Game ended, Diamond systems shutting down...

A Game Without a Name.log opened on 5/12/2016 18:00:14
Diamond systems are online and ready to roll.
Launching A Game Without a Name
Game ended, Diamond systems shutting down...

A Game Without a Name.log opened on 5/12/2016 18:17:43
Diamond systems are online and ready to roll.
Launching A Game Without a Name
Game ended, Diamond systems shutting down...

A Game Without a Name.log opened on 5/12/2016 18:18:03
Diamond systems are online and ready to roll.
Launching A Game Without a Name
Game ended, Diamond systems shutting down...

A Game Without a Name.log opened on 5/12/2016 18:40:17
Diamond systems are online and ready to roll.
Launching A Game Without a Name
Game ended, Diamond systems shutting down...

A Game Without a Name.log opened on 5/12/2016 18:40:44
Diamond systems are online and ready to roll.
Launching A Game Without a Name
Game ended, Diamond systems shutting down...

A Game Without a Name.log opened on 5/12/2016 18:54:51
Diamond systems are online and ready to roll.
Launching A Game Without a Name
Game ended, Diamond systems shutting down...

A Game Without a Name.log opened on 5/12/2016 18:55:08
Diamond systems are online and ready to roll.
Launching A Game Without a Name
Game ended, Diamond systems shutting down...

A Game Without a Name.log opened on 5/12/2016 19:01:40
Diamond systems are online and ready to roll.
Launching A Game Without a Name
Game ended, Diamond systems shutting down...

A Game Without a Name.log opened on 5/12/2016 19:01:52
Diamond systems are online and ready to roll.
Launching A Game Without a Name
Game ended, Diamond systems shutting down...

A Game Without a Name.log opened on 5/12/2016 19:07:21
Diamond systems are online and ready to roll.
Launching A Game Without a Name
Game ended, Diamond systems shutting down...

A Game Without a Name.log opened on 5/12/2016 19:07:33
Diamond systems are online and ready to roll.
Launching A Game Without a Name
Game ended, Diamond systems shutting down...

A Game Without a Name.log opened on 5/12/2016 20:47:57
Diamond systems are online and ready to roll.
Launching A Game Without a Name
Game ended, Diamond systems shutting down...

A Game Without a Name.log opened on 5/12/2016 20:48:35
Diamond systems are online and ready to roll.
Launching A Game Without a Name
Game ended, Diamond systems shutting down...

A Game Without a Name.log opened on 5/12/2016 21:11:23
Diamond systems are online and ready to roll.
Launching A Game Without a Name
Game ended, Diamond systems shutting down...

A Game Without a Name.log opened on 5/12/2016 21:11:38
Diamond systems are online and ready to roll.
Launching A Game Without a Name
Game ended, Diamond systems shutting down...

A Game Without a Name.log opened on 5/12/2016 21:22:03
Diamond systems are online and ready to roll.
Launching A Game Without a Name
Game ended, Diamond systems shutting down...

A Game Without a Name.log opened on 5/12/2016 21:24:21
Diamond systems are online and ready to roll.
Launching A Game Without a Name
Game ended, Diamond systems shutting down...

A Game Without a Name.log opened on 5/12/2016 23:32:36
Diamond systems are online and ready to roll.
Launching A Game Without a Name
Game ended, Diamond systems shutting down...

A Game Without a Name.log opened on 5/12/2016 23:34:23
Diamond systems are online and ready to roll.
Launching A Game Without a Name
Game ended, Diamond systems shutting down...

A Game Without a Name.log opened on 5/12/2016 23:40:22
Diamond systems are online and ready to roll.
Launching A Game Without a Name
Game ended, Diamond systems shutting down...

A Game Without a Name.log opened on 5/12/2016 23:40:39
Diamond systems are online and ready to roll.
Launching A Game Without a Name
Game ended, Diamond systems shutting down...

A Game Without a Name.log opened on 5/12/2016 23:46:10
Diamond systems are online and ready to roll.
Launching A Game Without a Name
Game ended, Diamond systems shutting down...

A Game Without a Name.log opened on 5/12/2016 23:46:26
Diamond systems are online and ready to roll.
Launching A Game Without a Name
Game ended, Diamond systems shutting down...

A Game Without a Name.log opened on 5/13/2016 0:30:13
Diamond systems are online and ready to roll.
Launching A Game Without a Name
Game ended, Diamond systems shutting down...

A Game Without a Name.log opened on 5/13/2016 0:30:40
Diamond systems are online and ready to roll.
Launching A Game Without a Name
Game ended, Diamond systems shutting down...

A Game Without a Name.log opened on 5/13/2016 0:52:10
Diamond systems are online and ready to roll.
Launching A Game Without a Name
Game ended, Diamond systems shutting down...

A Game Without a Name.log opened on 5/13/2016 0:52:27
Diamond systems are online and ready to roll.
Launching A Game Without a Name
Game ended, Diamond systems shutting down...

A Game Without a Name.log opened on 5/13/2016 0:52:32
Diamond systems are online and ready to roll.
Launching A Game Without a Name
Game ended, Diamond systems shutting down...

A Game Without a Name.log opened on 5/13/2016 0:53:06
Diamond systems are online and ready to roll.
Launching A Game Without a Name
Game ended, Diamond systems shutting down...

A Game Without a Name.log opened on 5/13/2016 10:11:32
Diamond systems are online and ready to roll.
Launching A Game Without a Name
Game ended, Diamond systems shutting down...

A Game Without a Name.log opened on 5/13/2016 10:12:19
Diamond systems are online and ready to roll.
Launching A Game Without a Name
Game ended, Diamond systems shutting down...

A Game Without a Name.log opened on 5/13/2016 11:38:46
Diamond systems are online and ready to roll.
Launching A Game Without a Name
Game ended, Diamond systems shutting down...

A Game Without a Name.log opened on 5/13/2016 11:38:53
Diamond systems are online and ready to roll.
Launching A Game Without a Name
Game ended, Diamond systems shutting down...

A Game Without a Name.log opened on 5/13/2016 11:41:17
Diamond systems are online and ready to roll.
Launching A Game Without a Name
Game ended, Diamond systems shutting down...

A Game Without a Name.log opened on 5/13/2016 11:42:02
Diamond systems are online and ready to roll.
Launching A Game Without a Name
Game ended, Diamond systems shutting down...

A Game Without a Name.log opened on 5/13/2016 11:42:42
Diamond systems are online and ready to roll.
Launching A Game Without a Name

A Game Without a Name.log opened on 5/13/2016 11:46:20
Diamond systems are online and ready to roll.
Launching A Game Without a Name
Game ended, Diamond systems shutting down...

A Game Without a Name.log opened on 5/13/2016 11:46:52
Diamond systems are online and ready to roll.
Launching A Game Without a Name
Game ended, Diamond systems shutting down...

A Game Without a Name.log opened on 5/13/2016 11:47:15
Diamond systems are online and ready to roll.
Launching A Game Without a Name
Game ended, Diamond systems shutting down...

A Game Without a Name.log opened on 5/13/2016 11:47:18
Diamond systems are online and ready to roll.
Launching A Game Without a Name
Game ended, Diamond systems shutting down...

A Game Without a Name.log opened on 5/13/2016 12:11:15
Diamond systems are online and ready to roll.
Launching A Game Without a Name
Game ended, Diamond systems shutting down...

A Game Without a Name.log opened on 5/13/2016 12:12:31
Diamond systems are online and ready to roll.
Launching A Game Without a Name
Game ended, Diamond systems shutting down...

A Game Without a Name.log opened on 5/13/2016 12:12:43
Diamond systems are online and ready to roll.
Launching A Game Without a Name
Game ended, Diamond systems shutting down...

A Game Without a Name.log opened on 5/13/2016 12:13:17
Diamond systems are online and ready to roll.
Launching A Game Without a Name
Game ended, Diamond systems shutting down...

A Game Without a Name.log opened on 5/13/2016 12:14:47
Diamond systems are online and ready to roll.
Launching A Game Without a Name
Game ended, Diamond systems shutting down...

A Game Without a Name.log opened on 5/13/2016 12:14:53
Diamond systems are online and ready to roll.
Launching A Game Without a Name
Game ended, Diamond systems shutting down...

A Game Without a Name.log opened on 5/13/2016 12:15:45
Diamond systems are online and ready to roll.
Launching A Game Without a Name
Game ended, Diamond systems shutting down...

A Game Without a Name.log opened on 5/13/2016 12:16:10
Diamond systems are online and ready to roll.
Launching A Game Without a Name
Game ended, Diamond systems shutting down...

A Game Without a Name.log opened on 5/13/2016 12:16:25
Diamond systems are online and ready to roll.
Launching A Game Without a Name
Game ended, Diamond systems shutting down...

A Game Without a Name.log opened on 5/13/2016 12:16:40
Diamond systems are online and ready to roll.
Launching A Game Without a Name
Game ended, Diamond systems shutting down...

A Game Without a Name.log opened on 5/13/2016 12:16:51
Diamond systems are online and ready to roll.
Launching A Game Without a Name
Game ended, Diamond systems shutting down...

A Game Without a Name.log opened on 5/13/2016 12:16:57
Diamond systems are online and ready to roll.
Launching A Game Without a Name
Game ended, Diamond systems shutting down...

A Game Without a Name.log opened on 5/13/2016 12:17:03
Diamond systems are online and ready to roll.
Launching A Game Without a Name
Game ended, Diamond systems shutting down...

A Game Without a Name.log opened on 5/13/2016 12:17:11
Diamond systems are online and ready to roll.
Launching A Game Without a Name
Game ended, Diamond systems shutting down...

A Game Without a Name.log opened on 5/13/2016 12:18:40
Diamond systems are online and ready to roll.
Launching A Game Without a Name
Game ended, Diamond systems shutting down...

A Game Without a Name.log opened on 5/13/2016 12:18:49
Diamond systems are online and ready to roll.
Launching A Game Without a Name
Game ended, Diamond systems shutting down...

A Game Without a Name.log opened on 5/13/2016 12:19:02
Diamond systems are online and ready to roll.
Launching A Game Without a Name
Game ended, Diamond systems shutting down...

A Game Without a Name.log opened on 5/13/2016 12:19:04
Diamond systems are online and ready to roll.
Launching A Game Without a Name
Game ended, Diamond systems shutting down...

A Game Without a Name.log opened on 5/13/2016 12:19:25
Diamond systems are online and ready to roll.
Launching A Game Without a Name
Game ended, Diamond systems shutting down...

A Game Without a Name.log opened on 5/13/2016 12:19:34
Diamond systems are online and ready to roll.
Launching A Game Without a Name
Game ended, Diamond systems shutting down...

A Game Without a Name.log opened on 5/13/2016 12:19:45
Diamond systems are online and ready to roll.
Launching A Game Without a Name
Game ended, Diamond systems shutting down...

A Game Without a Name.log opened on 5/13/2016 12:19:48
Diamond systems are online and ready to roll.
Launching A Game Without a Name
Game ended, Diamond systems shutting down...

A Game Without a Name.log opened on 5/13/2016 12:19:57
Diamond systems are online and ready to roll.
Launching A Game Without a Name
Game ended, Diamond systems shutting down...

A Game Without a Name.log opened on 5/13/2016 12:19:59
Diamond systems are online and ready to roll.
Launching A Game Without a Name
Game ended, Diamond systems shutting down...

A Game Without a Name.log opened on 5/13/2016 12:20:05
Diamond systems are online and ready to roll.
Launching A Game Without a Name
Game ended, Diamond systems shutting down...

A Game Without a Name.log opened on 5/13/2016 12:20:08
Diamond systems are online and ready to roll.
Launching A Game Without a Name
Game ended, Diamond systems shutting down...

A Game Without a Name.log opened on 5/13/2016 12:20:28
Diamond systems are online and ready to roll.
Launching A Game Without a Name
Game ended, Diamond systems shutting down...

A Game Without a Name.log opened on 5/13/2016 12:20:52
Diamond systems are online and ready to roll.
Launching A Game Without a Name
Game ended, Diamond systems shutting down...

A Game Without a Name.log opened on 5/13/2016 12:20:56
Diamond systems are online and ready to roll.
Launching A Game Without a Name
Game ended, Diamond systems shutting down...

A Game Without a Name.log opened on 5/13/2016 12:23:46
Diamond systems are online and ready to roll.
Launching A Game Without a Name
Game ended, Diamond systems shutting down...

A Game Without a Name.log opened on 5/13/2016 12:23:50
Diamond systems are online and ready to roll.
Launching A Game Without a Name
Game ended, Diamond systems shutting down...

A Game Without a Name.log opened on 5/13/2016 12:25:14
Diamond systems are online and ready to roll.
Launching A Game Without a Name
Game ended, Diamond systems shutting down...

A Game Without a Name.log opened on 5/13/2016 20:47:53
Diamond systems are online and ready to roll.
Launching A Game Without a Name
Game ended, Diamond systems shutting down...

A Game Without a Name.log opened on 5/13/2016 20:48:02
Diamond systems are online and ready to roll.
Launching A Game Without a Name
Game ended, Diamond systems shutting down...

A Game Without a Name.log opened on 5/13/2016 20:49:28
Diamond systems are online and ready to roll.
Launching A Game Without a Name
Game ended, Diamond systems shutting down...

A Game Without a Name.log opened on 5/13/2016 20:51:41
Diamond systems are online and ready to roll.
Launching A Game Without a Name
Game ended, Diamond systems shutting down...

A Game Without a Name.log opened on 5/15/2016 20:00:04
Diamond systems are online and ready to roll.
Launching A Game Without a Name
Game ended, Diamond systems shutting down...

A Game Without a Name.log opened on 5/15/2016 20:02:14
Diamond systems are online and ready to roll.
Launching A Game Without a Name
Game ended, Diamond systems shutting down...

A Game Without a Name.log opened on 5/15/2016 20:09:06
Diamond systems are online and ready to roll.
Launching A Game Without a Name
Game ended, Diamond systems shutting down...

A Game Without a Name.log opened on 5/15/2016 20:09:43
Diamond systems are online and ready to roll.
Launching A Game Without a Name
Game ended, Diamond systems shutting down...

A Game Without a Name.log opened on 5/20/2016 10:13:29
Diamond systems are online and ready to roll.
Launching A Game Without a Name
Game ended, Diamond systems shutting down...

A Game Without a Name.log opened on 5/20/2016 10:14:06
Diamond systems are online and ready to roll.
Launching A Game Without a Name
Game ended, Diamond systems shutting down...

A Game Without a Name.log opened on 5/20/2016 10:51:24
Diamond systems are online and ready to roll.
Launching A Game Without a Name
Game ended, Diamond systems shutting down...

A Game Without a Name.log opened on 5/20/2016 10:51:35
Diamond systems are online and ready to roll.
Launching A Game Without a Name
Game ended, Diamond systems shutting down...

A Game Without a Name.log opened on 5/23/2016 20:10:31
Diamond systems are online and ready to roll.
Launching A Game Without a Name
Game ended, Diamond systems shutting down...

A Game Without a Name.log opened on 5/23/2016 20:10:48
Diamond systems are online and ready to roll.
Launching A Game Without a Name
Game ended, Diamond systems shutting down...

A Game Without a Name.log opened on 5/24/2016 13:35:43
Diamond systems are online and ready to roll.
Launching A Game Without a Name
Game ended, Diamond systems shutting down...

A Game Without a Name.log opened on 5/24/2016 13:36:05
Diamond systems are online and ready to roll.
Launching A Game Without a Name
Game ended, Diamond systems shutting down...

A Game Without a Name.log opened on 5/24/2016 13:50:02
Diamond systems are online and ready to roll.
Launching A Game Without a Name
Game ended, Diamond systems shutting down...

A Game Without a Name.log opened on 5/24/2016 13:50:40
Diamond systems are online and ready to roll.
Launching A Game Without a Name
Game ended, Diamond systems shutting down...

A Game Without a Name.log opened on 5/24/2016 14:01:21
Diamond systems are online and ready to roll.
Launching A Game Without a Name
Game ended, Diamond systems shutting down...

A Game Without a Name.log opened on 5/24/2016 14:01:32
Diamond systems are online and ready to roll.
Launching A Game Without a Name
Game ended, Diamond systems shutting down...

A Game Without a Name.log opened on 5/24/2016 14:02:55
Diamond systems are online and ready to roll.
Launching A Game Without a Name
Game ended, Diamond systems shutting down...

A Game Without a Name.log opened on 5/24/2016 14:03:13
Diamond systems are online and ready to roll.
Launching A Game Without a Name
Game ended, Diamond systems shutting down...

A Game Without a Name.log opened on 5/24/2016 14:03:17
Diamond systems are online and ready to roll.
Launching A Game Without a Name
Game ended, Diamond systems shutting down...

A Game Without a Name.log opened on 5/24/2016 14:03:53
Diamond systems are online and ready to roll.
Launching A Game Without a Name
Game ended, Diamond systems shutting down...

A Game Without a Name.log opened on 5/26/2016 19:14:59
Diamond systems are online and ready to roll.
Diamond systems shutting down.

A Game Without a Name.log opened on 5/26/2016 21:23:40
Diamond systems are online and ready to roll.
Diamond systems shutting down.

A Game Without a Name.log opened on 5/26/2016 21:51:38
Diamond systems are online and ready to roll.
Diamond systems shutting down.

A Game Without a Name.log opened on 5/26/2016 21:52:19
Diamond systems are online and ready to roll.
Diamond systems shutting down.

A Game Without a Name.log opened on 5/27/2016 8:36:49
Diamond systems are online and ready to roll.
Diamond systems shutting down.

A Game Without a Name.log opened on 5/27/2016 8:55:38
Diamond systems are online and ready to roll.
Diamond systems shutting down.

A Game Without a Name.log opened on 5/27/2016 10:04:06
Diamond systems are online and ready to roll.

A Game Without a Name.log opened on 5/27/2016 10:04:20
Diamond systems are online and ready to roll.

A Game Without a Name.log opened on 5/27/2016 10:06:08
Diamond systems are online and ready to roll.
Diamond systems shutting down.

A Game Without a Name.log opened on 5/27/2016 10:08:04
Diamond systems are online and ready to roll.
Diamond systems shutting down.

A Game Without a Name.log opened on 5/27/2016 10:19:50
Diamond systems are online and ready to roll.

A Game Without a Name.log opened on 5/27/2016 10:22:44
Diamond systems are online and ready to roll.

A Game Without a Name.log opened on 5/27/2016 10:23:08
Diamond systems are online and ready to roll.

A Game Without a Name.log opened on 5/27/2016 10:24:08
Diamond systems are online and ready to roll.

A Game Without a Name.log opened on 5/27/2016 10:26:22
Diamond systems are online and ready to roll.

A Game Without a Name.log opened on 5/27/2016 10:27:20
Diamond systems are online and ready to roll.

A Game Without a Name.log opened on 5/27/2016 10:29:29
Diamond systems are online and ready to roll.

A Game Without a Name.log opened on 5/27/2016 10:31:48
Diamond systems are online and ready to roll.
Diamond systems shutting down.

A Game Without a Name.log opened on 5/28/2016 17:18:40
Diamond systems are online and ready to roll.
Diamond systems shutting down.

A Game Without a Name.log opened on 5/28/2016 17:28:15
Diamond systems are online and ready to roll.
Diamond systems shutting down.

A Game Without a Name.log opened on 5/28/2016 17:28:24
Diamond systems are online and ready to roll.
Diamond systems shutting down.

A Game Without a Name.log opened on 5/30/2016 15:06:14
Diamond systems are online and ready to roll.
Diamond systems shutting down.

A Game Without a Name.log opened on 5/30/2016 16:14:33
Diamond systems are online and ready to roll.
Diamond systems shutting down.

A Game Without a Name.log opened on 5/30/2016 16:18:13
Diamond systems are online and ready to roll.
Diamond systems shutting down.

A Game Without a Name.log opened on 5/30/2016 16:48:58
Diamond systems are online and ready to roll.
Diamond systems shutting down.

A Game Without a Name.log opened on 5/30/2016 17:03:31
Diamond systems are online and ready to roll.

A Game Without a Name.log opened on 5/30/2016 17:04:28
Diamond systems are online and ready to roll.
Diamond systems shutting down.

A Game Without a Name.log opened on 5/30/2016 17:06:20
Diamond systems are online and ready to roll.
Diamond systems shutting down.

A Game Without a Name.log opened on 5/30/2016 17:08:34
Diamond systems are online and ready to roll.
Diamond systems shutting down.

A Game Without a Name.log opened on 5/30/2016 17:45:52
Diamond systems are online and ready to roll.
Diamond systems shutting down.

A Game Without a Name.log opened on 5/30/2016 17:48:16
Diamond systems are online and ready to roll.
Diamond systems shutting down.

A Game Without a Name.log opened on 5/30/2016 17:49:06
Diamond systems are online and ready to roll.
Quantumbody deleted
Quantumbody deleted
QuantumCollider deleted
Quantumbody deleted
QuantumCollider deleted
QuantumCollider deleted
Quantumbody deleted
QuantumCollider deleted
Quantumbody deleted
Diamond systems shutting down.

A Game Without a Name.log opened on 5/31/2016 12:54:57
Diamond systems are online and ready to roll.
Diamond systems shutting down.

A Game Without a Name.log opened on 5/31/2016 12:57:36
Diamond systems are online and ready to roll.
Diamond systems shutting down.

A Game Without a Name.log opened on 5/31/2016 13:02:30
Diamond systems are online and ready to roll.
Diamond systems shutting down.

A Game Without a Name.log opened on 5/31/2016 13:03:59
Diamond systems are online and ready to roll.
Diamond systems shutting down.

A Game Without a Name.log opened on 5/31/2016 13:04:56
Diamond systems are online and ready to roll.
Diamond systems shutting down.

A Game Without a Name.log opened on 5/31/2016 17:27:11
Diamond systems are online and ready to roll.
Diamond systems shutting down.

A Game Without a Name.log opened on 5/31/2016 17:30:59
Diamond systems are online and ready to roll.
Diamond systems shutting down.

Log opened on 6/1/2016 11:58:43

Log opened on 6/1/2016 11:59:55
Diamond systems are online and ready to roll.
Diamond systems shutting down.

Log opened on 6/1/2016 12:02:04
Diamond systems are online and ready to roll.
Diamond systems shutting down.

Log opened on 6/1/2016 12:03:29
Diamond systems are online and ready to roll.

Log opened on 6/1/2016 12:03:29
Diamond systems are online and ready to roll.

Log opened on 6/1/2016 12:09:25
Diamond systems are online and ready to roll.
Diamond systems shutting down.

Log opened on 6/1/2016 12:12:58
Diamond systems are online and ready to roll.
Diamond systems shutting down.

Log opened on 6/1/2016 15:02:05
Diamond systems are online and ready to roll.
Diamond systems shutting down.

Log opened on 6/1/2016 15:04:11
Diamond systems are online and ready to roll.
Diamond systems shutting down.

Log opened on 6/1/2016 15:05:14
Diamond systems are online and ready to roll.
Diamond systems shutting down.

Log opened on 6/1/2016 15:06:37
Diamond systems are online and ready to roll.
Diamond systems shutting down.

Log opened on 6/1/2016 15:06:52
Diamond systems are online and ready to roll.
Diamond systems shutting down.

Log opened on 6/1/2016 15:07:14
Diamond systems are online and ready to roll.
Diamond systems shutting down.

Log opened on 6/1/2016 15:17:45
Diamond systems are online and ready to roll.
Diamond systems shutting down.

Log opened on 6/1/2016 15:18:43
Diamond systems are online and ready to roll.
Diamond systems shutting down.

Log opened on 6/1/2016 15:20:33
Diamond systems are online and ready to roll.
Diamond systems shutting down.

Log opened on 6/1/2016 15:29:04
Diamond systems are online and ready to roll.

Log opened on 6/1/2016 15:29:36
Diamond systems are online and ready to roll.

Log opened on 6/1/2016 15:32:12
Diamond systems are online and ready to roll.
Diamond systems shutting down.

Log opened on 6/1/2016 15:32:31
Diamond systems are online and ready to roll.

Log opened on 6/1/2016 15:35:16
Diamond systems are online and ready to roll.

Log opened on 6/1/2016 15:38:18
Diamond systems are online and ready to roll.

Log opened on 6/1/2016 15:39:18
Diamond systems are online and ready to roll.

Log opened on 6/1/2016 16:18:18
Diamond systems are online and ready to roll.
Diamond systems shutting down.

Log opened on 6/1/2016 16:20:58
Diamond systems are online and ready to roll.
Diamond systems shutting down.

Log opened on 6/1/2016 16:22:45
Diamond systems are online and ready to roll.
Diamond systems shutting down.

Log opened on 6/1/2016 19:16:52
Diamond systems are online and ready to roll.
Diamond systems shutting down.

Log opened on 6/1/2016 21:16:27
Diamond systems are online and ready to roll.
Diamond systems shutting down.

Log opened on 6/1/2016 21:30:36
Diamond systems are online and ready to roll.
Diamond systems shutting down.

Log opened on 8/18/2016 1:05:28

Log opened on 8/18/2016 21:51:03

Log opened on 8/24/2016 0:21:47
Diamond systems are online and ready to roll.
Diamond systems shutting down.

Log opened on 9/6/2016 19:57:31
Diamond systems are online and ready to roll.
Diamond systems shutting down.

Log opened on 9/6/2016 20:41:21
Diamond systems are online and ready to roll.
Diamond systems shutting down.

Log opened on 9/6/2016 21:25:56
Diamond systems are online and ready to roll.
Diamond systems shutting down.

Log opened on 9/6/2016 23:40:59
Diamond systems are online and ready to roll.
Diamond systems shutting down.

Log opened on 9/7/2016 0:01:40
Diamond systems are online and ready to roll.
Diamond systems shutting down.

Log opened on 9/14/2016 0:24:37
Diamond systems are online and ready to roll.
Diamond systems shutting down.

Log opened on 9/14/2016 1:01:36
Diamond systems are online and ready to roll.
Diamond systems shutting down.

Log opened on 12/12/2016 7:15:47
Diamond systems are online and ready to roll.
Diamond systems shutting down.

Log opened on 12/12/2016 7:17:02
Diamond systems are online and ready to roll.
Diamond systems shutting down.

Log opened on 12/12/2016 10:56:23
Diamond systems are online and ready to roll.
Diamond systems shutting down.

Log opened on 12/12/2016 11:37:33
Diamond systems are online and ready to roll.
Diamond systems shutting down.

Log opened on 12/15/2016 11:36:21
Diamond systems are online and ready to roll.
Diamond systems shutting down.

Log opened on 12/19/2016 8:30:01
Diamond systems are online and ready to roll.
Diamond systems shutting down.

Log opened on 12/19/2016 9:45:31
Diamond systems are online and ready to roll.
Diamond systems shutting down.

Log opened on 12/19/2016 10:12:47
Diamond systems are online and ready to roll.
Diamond systems shutting down.

Log opened on 12/19/2016 10:14:09
Diamond systems are online and ready to roll.
Diamond systems shutting down.

Log opened on 12/19/2016 10:15:55
Diamond systems are online and ready to roll.

Log opened on 12/19/2016 11:58:43
Diamond systems are online and ready to roll.
Diamond systems shutting down.

Log opened on 12/19/2016 12:00:25
Diamond systems are online and ready to roll.

Log opened on 12/19/2016 12:00:44
Diamond systems are online and ready to roll.

Log opened on 12/19/2016 12:01:05
Diamond systems are online and ready to roll.

Log opened on 12/19/2016 12:12:02
Diamond systems are online and ready to roll.

Log opened on 12/19/2016 12:18:17
Diamond systems are online and ready to roll.
Diamond systems shutting down.

Log opened on 12/19/2016 12:18:28
Diamond systems are online and ready to roll.
Diamond systems shutting down.

Log opened on 12/19/2016 12:19:18
Diamond systems are online and ready to roll.

Log opened on 12/19/2016 12:19:38
Diamond systems are online and ready to roll.
Diamond systems shutting down.

Log opened on 12/19/2016 12:20:01
Diamond systems are online and ready to roll.

Log opened on 12/19/2016 12:20:17
Diamond systems are online and ready to roll.

Log opened on 12/19/2016 12:20:38
Diamond systems are online and ready to roll.

Log opened on 12/19/2016 12:22:00
Diamond systems are online and ready to roll.

Log opened on 12/19/2016 12:22:08
Diamond systems are online and ready to roll.
Diamond systems shutting down.

Log opened on 12/19/2016 12:22:43
Diamond systems are online and ready to roll.
Diamond systems shutting down.

Log opened on 12/19/2016 12:29:22
Diamond systems are online and ready to roll.
Diamond systems shutting down.

Log opened on 12/19/2016 16:55:35
Diamond systems are online and ready to roll.
Diamond systems shutting down.

Log opened on 12/19/2016 18:37:03
Diamond systems are online and ready to roll.
Diamond systems shutting down.

Log opened on 12/20/2016 14:29:44
Diamond systems are online and ready to roll.
Diamond systems shutting down.

Log opened on 12/22/2016 11:52:24
Diamond systems are online and ready to roll.
Failed to parse line  in particles.cfg

Log opened on 12/22/2016 11:57:19
Diamond systems are online and ready to roll.
Failed to parse line  in particles.cfg
Diamond systems shutting down.

Log opened on 12/22/2016 12:04:14
Diamond systems are online and ready to roll.
Failed to parse line  in particles.cfg
Failed to parse line  in particles.cfg
Failed to parse line  in particles.cfg
Failed to parse line  in particles.cfg
Failed to parse line  in particles.cfg
Failed to parse line  in particles.cfg
Diamond systems shutting down.

Log opened on 12/22/2016 12:05:28
Diamond systems are online and ready to roll.
Failed to parse line  in particles.cfg
Failed to parse line  in particles.cfg
Failed to parse line  in particles.cfg
Failed to parse line  in particles.cfg
Failed to parse line  in particles.cfg
Failed to parse line  in particles.cfg
Diamond systems shutting down.

Log opened on 12/22/2016 12:12:33
Diamond systems are online and ready to roll.
Failed to parse line  in particles.cfg
Failed to parse line  in particles.cfg
Failed to parse line  in particles.cfg
Failed to parse line  in particles.cfg
Failed to parse line  in particles.cfg
Failed to parse line  in particles.cfg
Failed to parse line  in particles.cfg

Log opened on 12/22/2016 12:13:02
Diamond systems are online and ready to roll.
Failed to parse line  in particles.cfg
Failed to parse line  in particles.cfg
Failed to parse line  in particles.cfg
Failed to parse line  in particles.cfg
Failed to parse line  in particles.cfg
Failed to parse line  in particles.cfg
Failed to parse line  in particles.cfg
Diamond systems shutting down.

Log opened on 12/22/2016 12:13:30
Diamond systems are online and ready to roll.
Failed to parse line  in particles.cfg
Failed to parse line  in particles.cfg
Failed to parse line  in particles.cfg
Failed to parse line  in particles.cfg
Failed to parse line  in particles.cfg
Failed to parse line  in particles.cfg
Failed to parse line  in particles.cfg
Diamond systems shutting down.

Log opened on 12/22/2016 12:13:45
Diamond systems are online and ready to roll.
Failed to parse line  in particles.cfg
Failed to parse line  in particles.cfg
Failed to parse line  in particles.cfg
Failed to parse line  in particles.cfg
Failed to parse line  in particles.cfg
Failed to parse line  in particles.cfg
Failed to parse line  in particles.cfg
Diamond systems shutting down.

Log opened on 12/22/2016 12:14:03
Diamond systems are online and ready to roll.
Failed to parse line  in particles.cfg
Failed to parse line  in particles.cfg
Failed to parse line  in particles.cfg
Failed to parse line  in particles.cfg
Failed to parse line  in particles.cfg
Failed to parse line  in particles.cfg
Failed to parse line  in particles.cfg
Diamond systems shutting down.

Log opened on 12/22/2016 12:14:33
Diamond systems are online and ready to roll.
Failed to parse line  in particles.cfg
Failed to parse line  in particles.cfg
Failed to parse line  in particles.cfg
Failed to parse line  in particles.cfg
Failed to parse line  in particles.cfg
Failed to parse line  in particles.cfg
Failed to parse line  in particles.cfg
Diamond systems shutting down.

Log opened on 12/22/2016 12:14:50
Diamond systems are online and ready to roll.
Failed to parse line  in particles.cfg
Failed to parse line  in particles.cfg
Failed to parse line  in particles.cfg
Failed to parse line  in particles.cfg
Failed to parse line  in particles.cfg
Failed to parse line  in particles.cfg
Failed to parse line  in particles.cfg
Diamond systems shutting down.

Log opened on 12/22/2016 12:15:19
Diamond systems are online and ready to roll.
Failed to parse line  in particles.cfg
Failed to parse line  in particles.cfg
Failed to parse line  in particles.cfg
Failed to parse line  in particles.cfg
Failed to parse line  in particles.cfg
Failed to parse line  in particles.cfg
Failed to parse line  in particles.cfg
Diamond systems shutting down.

Log opened on 12/22/2016 12:15:31
Diamond systems are online and ready to roll.
Failed to parse line  in particles.cfg
Failed to parse line  in particles.cfg
Failed to parse line  in particles.cfg
Failed to parse line  in particles.cfg
Failed to parse line  in particles.cfg
Failed to parse line  in particles.cfg
Failed to parse line  in particles.cfg
Diamond systems shutting down.

Log opened on 12/22/2016 12:15:43
Diamond systems are online and ready to roll.
Failed to parse line  in particles.cfg
Failed to parse line  in particles.cfg
Failed to parse line  in particles.cfg
Failed to parse line  in particles.cfg
Failed to parse line  in particles.cfg
Failed to parse line  in particles.cfg
Failed to parse line  in particles.cfg
Diamond systems shutting down.

Log opened on 12/22/2016 13:34:49
Diamond systems are online and ready to roll.
Failed to parse line  in particles.cfg
Failed to parse line  in particles.cfg
Failed to parse line  in particles.cfg
Failed to parse line  in particles.cfg
Failed to parse line  in particles.cfg
Failed to parse line  in particles.cfg
Failed to parse line  in particles.cfg
Diamond systems shutting down.

Log opened on 12/22/2016 13:35:16
Diamond systems are online and ready to roll.
Failed to parse line  in particles.cfg
Failed to parse line  in particles.cfg
Failed to parse line  in particles.cfg
Failed to parse line  in particles.cfg
Failed to parse line  in particles.cfg
Failed to parse line  in particles.cfg
Failed to parse line  in particles.cfg
Diamond systems shutting down.

Log opened on 12/22/2016 13:36:04
Diamond systems are online and ready to roll.
Failed to parse line  in particles.cfg
Failed to parse line  in particles.cfg
Failed to parse line  in particles.cfg
Failed to parse line  in particles.cfg
Failed to parse line  in particles.cfg
Failed to parse line  in particles.cfg
Failed to parse line  in particles.cfg
Diamond systems shutting down.

Log opened on 12/22/2016 13:36:17
Diamond systems are online and ready to roll.
Failed to parse line  in particles.cfg
Failed to parse line  in particles.cfg
Failed to parse line  in particles.cfg
Failed to parse line  in particles.cfg
Failed to parse line  in particles.cfg
Failed to parse line  in particles.cfg
Failed to parse line  in particles.cfg
Diamond systems shutting down.

Log opened on 12/22/2016 13:36:28
Diamond systems are online and ready to roll.
Failed to parse line  in particles.cfg
Failed to parse line  in particles.cfg
Failed to parse line  in particles.cfg
Failed to parse line  in particles.cfg
Failed to parse line  in particles.cfg
Failed to parse line  in particles.cfg
Failed to parse line  in particles.cfg
Diamond systems shutting down.

Log opened on 12/22/2016 13:36:39
Diamond systems are online and ready to roll.
Failed to parse line  in particles.cfg
Failed to parse line  in particles.cfg
Failed to parse line  in particles.cfg
Failed to parse line  in particles.cfg
Failed to parse line  in particles.cfg
Failed to parse line  in particles.cfg
Failed to parse line  in particles.cfg
Failed to parse line  in particles.cfg
Failed to parse line  in particles.cfg
Failed to parse line  in particles.cfg
Failed to parse line  in particles.cfg
Failed to parse line  in particles.cfg
Failed to parse line  in particles.cfg
Failed to parse line  in particles.cfg
Failed to parse line  in particles.cfg
Failed to parse line  in particles.cfg
Failed to parse line  in particles.cfg
Failed to parse line  in particles.cfg
Failed to parse line  in particles.cfg
Failed to parse line  in particles.cfg
Failed to parse line  in particles.cfg

Log opened on 12/22/2016 13:38:52
Diamond systems are online and ready to roll.
Failed to parse line  in particles.cfg
Failed to parse line  in particles.cfg
Failed to parse line  in particles.cfg
Failed to parse line  in particles.cfg
Failed to parse line  in particles.cfg
Failed to parse line  in particles.cfg
Failed to parse line  in particles.cfg

Log opened on 12/22/2016 13:40:27
Diamond systems are online and ready to roll.
Failed to parse line  in particles.cfg
Failed to parse line  in particles.cfg
Failed to parse line  in particles.cfg
Failed to parse line  in particles.cfg
Failed to parse line  in particles.cfg
Failed to parse line  in particles.cfg
Failed to parse line  in particles.cfg

Log opened on 12/22/2016 13:45:01
Diamond systems are online and ready to roll.
Failed to parse line  in particles.cfg
Failed to parse line  in particles.cfg
Failed to parse line  in particles.cfg
Failed to parse line  in particles.cfg
Failed to parse line  in particles.cfg
Failed to parse line  in particles.cfg
Failed to parse line  in particles.cfg

Log opened on 12/22/2016 13:45:31
Diamond systems are online and ready to roll.
Failed to parse line  in particles.cfg
Failed to parse line  in particles.cfg
Failed to parse line  in particles.cfg
Failed to parse line  in particles.cfg
Failed to parse line  in particles.cfg
Failed to parse line  in particles.cfg
Failed to parse line  in particles.cfg
Failed to parse line  in particles.cfg
Failed to parse line  in particles.cfg
Failed to parse line  in particles.cfg
Failed to parse line  in particles.cfg
Failed to parse line  in particles.cfg
Failed to parse line  in particles.cfg
Failed to parse line  in particles.cfg
Failed to parse line  in particles.cfg
Failed to parse line  in particles.cfg
Failed to parse line  in particles.cfg
Failed to parse line  in particles.cfg
Failed to parse line  in particles.cfg
Failed to parse line  in particles.cfg
Failed to parse line  in particles.cfg
Failed to parse line  in particles.cfg
Failed to parse line  in particles.cfg
Failed to parse line  in particles.cfg
Failed to parse line  in particles.cfg
Failed to parse line  in particles.cfg
Failed to parse line  in particles.cfg
Failed to parse line  in particles.cfg
Failed to parse line  in particles.cfg
Failed to parse line  in particles.cfg
Failed to parse line  in particles.cfg
Failed to parse line  in particles.cfg
Failed to parse line  in particles.cfg
Failed to parse line  in particles.cfg
Failed to parse line  in particles.cfg
Failed to parse line  in particles.cfg
Failed to parse line  in particles.cfg
Failed to parse line  in particles.cfg
Failed to parse line  in particles.cfg
Failed to parse line  in particles.cfg
Failed to parse line  in particles.cfg
Failed to parse line  in particles.cfg
Failed to parse line  in particles.cfg
Failed to parse line  in particles.cfg
Failed to parse line  in particles.cfg
Failed to parse line  in particles.cfg
Failed to parse line  in particles.cfg
Failed to parse line  in particles.cfg
Failed to parse line  in particles.cfg
Failed to parse line  in particles.cfg
Failed to parse line  in particles.cfg
Failed to parse line  in particles.cfg
Failed to parse line  in particles.cfg
Failed to parse line  in particles.cfg
Failed to parse line  in particles.cfg
Failed to parse line  in particles.cfg
Failed to parse line  in particles.cfg
Failed to parse line  in particles.cfg
Failed to parse line  in particles.cfg
Failed to parse line  in particles.cfg
Failed to parse line  in particles.cfg
Failed to parse line  in particles.cfg
Failed to parse line  in particles.cfg
Failed to parse line  in particles.cfg
Failed to parse line  in particles.cfg
Failed to parse line  in particles.cfg
Failed to parse line  in particles.cfg
Failed to parse line  in particles.cfg
Failed to parse line  in particles.cfg
Failed to parse line  in particles.cfg
Failed to parse line  in particles.cfg
Failed to parse line  in particles.cfg
Failed to parse line  in particles.cfg
Failed to parse line  in particles.cfg
Failed to parse line  in particles.cfg
Failed to parse line  in particles.cfg
Failed to parse line  in particles.cfg
Failed to parse line  in particles.cfg
Failed to parse line  in particles.cfg
Failed to parse line  in particles.cfg
Failed to parse line  in particles.cfg
Failed to parse line  in particles.cfg
Failed to parse line  in particles.cfg
Failed to parse line  in particles.cfg
Failed to parse line  in particles.cfg
Failed to parse line  in particles.cfg
Failed to parse line  in particles.cfg
Failed to parse line  in particles.cfg
Failed to parse line  in particles.cfg
Failed to parse line  in particles.cfg
Failed to parse line  in particles.cfg
Failed to parse line  in particles.cfg
Failed to parse line  in particles.cfg
Failed to parse line  in particles.cfg
Failed to parse line  in particles.cfg
Failed to parse line  in particles.cfg
Failed to parse line  in particles.cfg
Failed to parse line  in particles.cfg
Failed to parse line  in particles.cfg
Failed to parse line  in particles.cfg
Failed to parse line  in particles.cfg
Failed to parse line  in particles.cfg
Failed to parse line  in particles.cfg
Failed to parse line  in particles.cfg
Failed to parse line  in particles.cfg
Failed to parse line  in particles.cfg
Failed to parse line  in particles.cfg
Failed to parse line  in particles.cfg
Failed to parse line  in particles.cfg
Failed to parse line  in particles.cfg
Failed to parse line  in particles.cfg
Failed to parse line  in particles.cfg
Failed to parse line  in particles.cfg
Failed to parse line  in particles.cfg
Failed to parse line  in particles.cfg
Failed to parse line  in particles.cfg
Failed to parse line  in particles.cfg
Failed to parse line  in particles.cfg
Failed to parse line  in particles.cfg
Failed to parse line  in particles.cfg
Failed to parse line  in particles.cfg
Failed to parse line  in particles.cfg
Failed to parse line  in particles.cfg
Failed to parse line  in particles.cfg
Failed to parse line  in particles.cfg
Failed to parse line  in particles.cfg
Failed to parse line  in particles.cfg
Failed to parse line  in particles.cfg
Failed to parse line  in particles.cfg
Failed to parse line  in particles.cfg
Failed to parse line  in particles.cfg
Failed to parse line  in particles.cfg
Failed to parse line  in particles.cfg
Failed to parse line  in particles.cfg
Failed to parse line  in particles.cfg
Failed to parse line  in particles.cfg
Failed to parse line  in particles.cfg
Failed to parse line  in particles.cfg
Failed to parse line  in particles.cfg
Failed to parse line  in particles.cfg
Failed to parse line  in particles.cfg
Failed to parse line  in particles.cfg
Failed to parse line  in particles.cfg
Failed to parse line  in particles.cfg
Failed to parse line  in particles.cfg
Failed to parse line  in particles.cfg
Failed to parse line  in particles.cfg
Failed to parse line  in particles.cfg
Failed to parse line  in particles.cfg
Failed to parse line  in particles.cfg
Failed to parse line  in particles.cfg
Failed to parse line  in particles.cfg
Failed to parse line  in particles.cfg
Failed to parse line  in particles.cfg
Failed to parse line  in particles.cfg
Failed to parse line  in particles.cfg
Failed to parse line  in particles.cfg
Failed to parse line  in particles.cfg
Failed to parse line  in particles.cfg
Failed to parse line  in particles.cfg
Failed to parse line  in particles.cfg
Failed to parse line  in particles.cfg
Failed to parse line  in particles.cfg
Failed to parse line  in particles.cfg
Failed to parse line  in particles.cfg
Failed to parse line  in particles.cfg
Failed to parse line  in particles.cfg
Failed to parse line  in particles.cfg
Failed to parse line  in particles.cfg
Failed to parse line  in particles.cfg
Failed to parse line  in particles.cfg
Failed to parse line  in particles.cfg
Failed to parse line  in particles.cfg
Failed to parse line  in particles.cfg
Failed to parse line  in particles.cfg
Failed to parse line  in particles.cfg
Failed to parse line  in particles.cfg
Failed to parse line  in particles.cfg
Failed to parse line  in particles.cfg
Failed to parse line  in particles.cfg
Failed to parse line  in particles.cfg
Failed to parse line  in particles.cfg
Failed to parse line  in particles.cfg
Failed to parse line  in particles.cfg
Failed to parse line  in particles.cfg
Failed to parse line  in particles.cfg
Failed to parse line  in particles.cfg
Failed to parse line  in particles.cfg
Failed to parse line  in particles.cfg
Failed to parse line  in particles.cfg
Failed to parse line  in particles.cfg
Failed to parse line  in particles.cfg
Failed to parse line  in particles.cfg
Failed to parse line  in particles.cfg
Failed to parse line  in particles.cfg
Failed to parse line  in particles.cfg
Failed to parse line  in particles.cfg
Failed to parse line  in particles.cfg
Failed to parse line  in particles.cfg
Failed to parse line  in particles.cfg
Failed to parse line  in particles.cfg
Failed to parse line  in particles.cfg
Failed to parse line  in particles.cfg
Failed to parse line  in particles.cfg
Failed to parse line  in particles.cfg
Failed to parse line  in particles.cfg
Failed to parse line  in particles.cfg
Failed to parse line  in particles.cfg
Failed to parse line  in particles.cfg
Failed to parse line  in particles.cfg
Failed to parse line  in particles.cfg
Failed to parse line  in particles.cfg
Failed to parse line  in particles.cfg
Failed to parse line  in particles.cfg
Failed to parse line  in particles.cfg
Failed to parse line  in particles.cfg
Failed to parse line  in particles.cfg
Failed to parse line  in particles.cfg
Failed to parse line  in particles.cfg
Failed to parse line  in particles.cfg
Failed to parse line  in particles.cfg
Failed to parse line  in particles.cfg
Failed to parse line  in particles.cfg
Failed to parse line  in particles.cfg
Failed to parse line  in particles.cfg
Failed to parse line  in particles.cfg
Failed to parse line  in particles.cfg
Failed to parse line  in particles.cfg
Failed to parse line  in particles.cfg
Failed to parse line  in particles.cfg
Failed to parse line  in particles.cfg
Failed to parse line  in particles.cfg
Failed to parse line  in particles.cfg
Failed to parse line  in particles.cfg
Failed to parse line  in particles.cfg
Failed to parse line  in particles.cfg
Failed to parse line  in particles.cfg
Failed to parse line  in particles.cfg
Failed to parse line  in particles.cfg
Failed to parse line  in particles.cfg
Failed to parse line  in particles.cfg
Failed to parse line  in particles.cfg
Failed to parse line  in particles.cfg
Failed to parse line  in particles.cfg
Failed to parse line  in particles.cfg
Failed to parse line  in particles.cfg
Failed to parse line  in particles.cfg
Failed to parse line  in particles.cfg
Failed to parse line  in particles.cfg
Failed to parse line  in particles.cfg
Failed to parse line  in particles.cfg
Failed to parse line  in particles.cfg
Failed to parse line  in particles.cfg
Failed to parse line  in particles.cfg
Failed to parse line  in particles.cfg
Failed to parse line  in particles.cfg
Failed to parse line  in particles.cfg
Failed to parse line  in particles.cfg
Failed to parse line  in particles.cfg
Failed to parse line  in particles.cfg
Failed to parse line  in particles.cfg
Failed to parse line  in particles.cfg
Failed to parse line  in particles.cfg
Failed to parse line  in particles.cfg
Failed to parse line  in particles.cfg
Failed to parse line  in particles.cfg
Failed to parse line  in particles.cfg
Failed to parse line  in particles.cfg
Failed to parse line  in particles.cfg
Failed to parse line  in particles.cfg
Failed to parse line  in particles.cfg
Failed to parse line  in particles.cfg
Failed to parse line  in particles.cfg
Failed to parse line  in particles.cfg
Failed to parse line  in particles.cfg
Failed to parse line  in particles.cfg
Failed to parse line  in particles.cfg
Failed to parse line  in particles.cfg
Failed to parse line  in particles.cfg
Failed to parse line  in particles.cfg
Failed to parse line  in particles.cfg
Failed to parse line  in particles.cfg
Failed to parse line  in particles.cfg
Failed to parse line  in particles.cfg
Failed to parse line  in particles.cfg
Failed to parse line  in particles.cfg
Failed to parse line  in particles.cfg
Failed to parse line  in particles.cfg
Failed to parse line  in particles.cfg
Failed to parse line  in particles.cfg
Failed to parse line  in particles.cfg
Failed to parse line  in particles.cfg
Failed to parse line  in particles.cfg
Failed to parse line  in particles.cfg
Failed to parse line  in particles.cfg
Failed to parse line  in particles.cfg
Failed to parse line  in particles.cfg
Failed to parse line  in particles.cfg
Failed to parse line  in particles.cfg
Failed to parse line  in particles.cfg
Failed to parse line  in particles.cfg
Failed to parse line  in particles.cfg
Failed to parse line  in particles.cfg
Failed to parse line  in particles.cfg
Failed to parse line  in particles.cfg
Failed to parse line  in particles.cfg
Failed to parse line  in particles.cfg
Failed to parse line  in particles.cfg
Failed to parse line  in particles.cfg
Failed to parse line  in particles.cfg
Diamond systems shutting down.

Log opened on 12/22/2016 14:11:41
Diamond systems are online and ready to roll.
Failed to parse line  in particles.cfg
Failed to parse line  in particles.cfg
Failed to parse line  in particles.cfg
Failed to parse line  in particles.cfg
Failed to parse line  in particles.cfg
Failed to parse line  in particles.cfg
Failed to parse line  in particles.cfg
Failed to parse line  in particles.cfg
Failed to parse line  in particles.cfg
Failed to parse line  in particles.cfg
Failed to parse line  in particles.cfg
Failed to parse line  in particles.cfg
Failed to parse line  in particles.cfg
Failed to parse line  in particles.cfg
Failed to parse line  in particles.cfg
Failed to parse line  in particles.cfg
Failed to parse line  in particles.cfg
Failed to parse line  in particles.cfg
Diamond systems shutting down.

Log opened on 12/22/2016 14:25:09
Diamond systems are online and ready to roll.
Failed to parse line  in particles.cfg
Failed to parse line  in particles.cfg
Failed to parse line  in particles.cfg
Failed to parse line  in particles.cfg
Failed to parse line  in particles.cfg
Failed to parse line  in particles.cfg
Failed to parse line  in particles.cfg
Failed to parse line  in particles.cfg
Failed to parse line  in particles.cfg

Log opened on 12/22/2016 14:27:28
Diamond systems are online and ready to roll.
Failed to parse line  in particles.cfg
Failed to parse line  in particles.cfg
Failed to parse line  in particles.cfg
Failed to parse line  in particles.cfg
Failed to parse line  in particles.cfg
Failed to parse line  in particles.cfg
Failed to parse line  in particles.cfg
Failed to parse line  in particles.cfg
Failed to parse line  in particles.cfg
Failed to parse line  in particles.cfg
Failed to parse line  in particles.cfg
Failed to parse line  in particles.cfg
Failed to parse line  in particles.cfg
Failed to parse line  in particles.cfg
Failed to parse line  in particles.cfg
Failed to parse line  in particles.cfg
Failed to parse line  in particles.cfg
Failed to parse line  in particles.cfg
Failed to parse line  in particles.cfg
Failed to parse line  in particles.cfg
Failed to parse line  in particles.cfg
Failed to parse line  in particles.cfg
Failed to parse line  in particles.cfg
Failed to parse line  in particles.cfg
Failed to parse line  in particles.cfg
Failed to parse line  in particles.cfg
Failed to parse line  in particles.cfg
Failed to parse line  in particles.cfg
Failed to parse line  in particles.cfg
Failed to parse line  in particles.cfg
Failed to parse line  in particles.cfg
Failed to parse line  in particles.cfg
Failed to parse line  in particles.cfg
Failed to parse line  in particles.cfg
Failed to parse line  in particles.cfg
Failed to parse line  in particles.cfg
Failed to parse line  in particles.cfg
Failed to parse line  in particles.cfg
Failed to parse line  in particles.cfg
Failed to parse line  in particles.cfg
Failed to parse line  in particles.cfg
Failed to parse line  in particles.cfg
Failed to parse line  in particles.cfg
Failed to parse line  in particles.cfg
Failed to parse line  in particles.cfg
Failed to parse line  in particles.cfg
Failed to parse line  in particles.cfg
Failed to parse line  in particles.cfg
Failed to parse line  in particles.cfg
Failed to parse line  in particles.cfg
Failed to parse line  in particles.cfg
Failed to parse line  in particles.cfg
Failed to parse line  in particles.cfg
Failed to parse line  in particles.cfg
Failed to parse line  in particles.cfg
Failed to parse line  in particles.cfg
Failed to parse line  in particles.cfg
Failed to parse line  in particles.cfg
Failed to parse line  in particles.cfg
Failed to parse line  in particles.cfg
Failed to parse line  in particles.cfg
Failed to parse line  in particles.cfg
Failed to parse line  in particles.cfg
Failed to parse line  in particles.cfg
Failed to parse line  in particles.cfg
Failed to parse line  in particles.cfg
Failed to parse line  in particles.cfg
Failed to parse line  in particles.cfg
Failed to parse line  in particles.cfg
Failed to parse line  in particles.cfg
Failed to parse line  in particles.cfg
Failed to parse line  in particles.cfg
Failed to parse line  in particles.cfg
Failed to parse line  in particles.cfg
Failed to parse line  in particles.cfg
Failed to parse line  in particles.cfg
Failed to parse line  in particles.cfg
Failed to parse line  in particles.cfg
Failed to parse line  in particles.cfg
Failed to parse line  in particles.cfg
Failed to parse line  in particles.cfg
Failed to parse line  in particles.cfg
Failed to parse line  in particles.cfg
Failed to parse line  in particles.cfg
Failed to parse line  in particles.cfg
Failed to parse line  in particles.cfg
Failed to parse line  in particles.cfg
Failed to parse line  in particles.cfg
Failed to parse line  in particles.cfg
Failed to parse line  in particles.cfg
Failed to parse line  in particles.cfg
Failed to parse line  in particles.cfg
Failed to parse line  in particles.cfg
Failed to parse line  in particles.cfg
Failed to parse line  in particles.cfg
Failed to parse line  in particles.cfg
Failed to parse line  in particles.cfg
Failed to parse line  in particles.cfg
Failed to parse line  in particles.cfg
Failed to parse line  in particles.cfg
Failed to parse line  in particles.cfg
Failed to parse line  in particles.cfg
Failed to parse line  in particles.cfg
Failed to parse line  in particles.cfg
Failed to parse line  in particles.cfg
Failed to parse line  in particles.cfg
Failed to parse line  in particles.cfg
Failed to parse line  in particles.cfg
Failed to parse line  in particles.cfg
Failed to parse line  in particles.cfg
Failed to parse line  in particles.cfg
Failed to parse line  in particles.cfg
Failed to parse line  in particles.cfg
Failed to parse line  in particles.cfg
Failed to parse line  in particles.cfg
Failed to parse line  in particles.cfg
Failed to parse line  in particles.cfg
Failed to parse line  in particles.cfg
Failed to parse line  in particles.cfg
Failed to parse line  in particles.cfg
Failed to parse line  in particles.cfg
Failed to parse line  in particles.cfg
Failed to parse line  in particles.cfg
Failed to parse line  in particles.cfg
Failed to parse line  in particles.cfg
Failed to parse line  in particles.cfg
Failed to parse line  in particles.cfg
Failed to parse line  in particles.cfg
Failed to parse line  in particles.cfg
Failed to parse line  in particles.cfg
Failed to parse line  in particles.cfg
Failed to parse line  in particles.cfg
Failed to parse line  in particles.cfg
Failed to parse line  in particles.cfg
Failed to parse line  in particles.cfg
Diamond systems shutting down.

Log opened on 12/28/2016 15:03:11
Diamond systems are online and ready to roll.
Failed to parse line  in particles.cfg
Failed to parse line  in particles.cfg
Failed to parse line  in particles.cfg
Failed to parse line  in particles.cfg
Failed to parse line  in particles.cfg
Failed to parse line  in particles.cfg
Failed to parse line  in particles.cfg
Failed to parse line  in particles.cfg
Failed to parse line  in particles.cfg
Diamond systems shutting down.

Log opened on 12/28/2016 15:05:04
Diamond systems are online and ready to roll.
Failed to parse line  in particles.cfg
Failed to parse line  in particles.cfg
Failed to parse line  in particles.cfg
Failed to parse line  in particles.cfg
Failed to parse line  in particles.cfg
Failed to parse line  in particles.cfg
Failed to parse line  in particles.cfg
Failed to parse line  in particles.cfg
Failed to parse line  in particles.cfg
Failed to parse line  in particles.cfg
Failed to parse line  in particles.cfg
Failed to parse line  in particles.cfg
Failed to parse line  in particles.cfg
Failed to parse line  in particles.cfg
Failed to parse line  in particles.cfg
Failed to parse line  in particles.cfg
Failed to parse line  in particles.cfg
Failed to parse line  in particles.cfg
Diamond systems shutting down.

Log opened on 12/28/2016 15:08:11
Diamond systems are online and ready to roll.
Failed to parse line  in particles.cfg
Failed to parse line  in particles.cfg
Failed to parse line  in particles.cfg
Failed to parse line  in particles.cfg
Failed to parse line  in particles.cfg
Failed to parse line  in particles.cfg
Failed to parse line  in particles.cfg
Failed to parse line  in particles.cfg
Failed to parse line  in particles.cfg
Diamond systems shutting down.

Log opened on 12/28/2016 15:42:25
Diamond systems are online and ready to roll.
Failed to parse line  in particles.cfg
Failed to parse line  in particles.cfg
Failed to parse line  in particles.cfg
Failed to parse line  in particles.cfg
Failed to parse line  in particles.cfg
Failed to parse line  in particles.cfg
Failed to parse line  in particles.cfg
Failed to parse line  in particles.cfg
Failed to parse line  in particles.cfg
Failed to parse line  in particles.cfg
Failed to parse line  in particles.cfg
Failed to parse line  in particles.cfg
Failed to parse line  in particles.cfg
Failed to parse line  in particles.cfg
Failed to parse line  in particles.cfg
Failed to parse line  in particles.cfg
Failed to parse line  in particles.cfg
Failed to parse line  in particles.cfg
Failed to parse line  in particles.cfg
Failed to parse line  in particles.cfg
Failed to parse line  in particles.cfg
Failed to parse line  in particles.cfg
Failed to parse line  in particles.cfg
Failed to parse line  in particles.cfg
Failed to parse line  in particles.cfg
Failed to parse line  in particles.cfg
Failed to parse line  in particles.cfg
Failed to parse line  in particles.cfg
Failed to parse line  in particles.cfg
Failed to parse line  in particles.cfg
Failed to parse line  in particles.cfg
Failed to parse line  in particles.cfg
Failed to parse line  in particles.cfg
Failed to parse line  in particles.cfg
Failed to parse line  in particles.cfg
Failed to parse line  in particles.cfg
Failed to parse line  in particles.cfg
Failed to parse line  in particles.cfg
Failed to parse line  in particles.cfg
Failed to parse line  in particles.cfg
Failed to parse line  in particles.cfg
Failed to parse line  in particles.cfg
Failed to parse line  in particles.cfg
Failed to parse line  in particles.cfg
Failed to parse line  in particles.cfg
Failed to parse line  in particles.cfg
Failed to parse line  in particles.cfg
Failed to parse line  in particles.cfg
Failed to parse line  in particles.cfg
Failed to parse line  in particles.cfg
Failed to parse line  in particles.cfg
Failed to parse line  in particles.cfg
Failed to parse line  in particles.cfg
Failed to parse line  in particles.cfg
Failed to parse line  in particles.cfg
Failed to parse line  in particles.cfg
Failed to parse line  in particles.cfg
Failed to parse line  in particles.cfg
Failed to parse line  in particles.cfg
Failed to parse line  in particles.cfg
Failed to parse line  in particles.cfg
Failed to parse line  in particles.cfg
Failed to parse line  in particles.cfg
Failed to parse line  in particles.cfg
Failed to parse line  in particles.cfg
Failed to parse line  in particles.cfg
Failed to parse line  in particles.cfg
Failed to parse line  in particles.cfg
Failed to parse line  in particles.cfg
Failed to parse line  in particles.cfg
Failed to parse line  in particles.cfg
Failed to parse line  in particles.cfg
Failed to parse line  in particles.cfg
Failed to parse line  in particles.cfg
Failed to parse line  in particles.cfg
Failed to parse line  in particles.cfg
Failed to parse line  in particles.cfg
Failed to parse line  in particles.cfg
Failed to parse line  in particles.cfg
Failed to parse line  in particles.cfg
Failed to parse line  in particles.cfg
Failed to parse line  in particles.cfg
Failed to parse line  in particles.cfg
Failed to parse line  in particles.cfg
Failed to parse line  in particles.cfg
Failed to parse line  in particles.cfg
Failed to parse line  in particles.cfg
Failed to parse line  in particles.cfg
Failed to parse line  in particles.cfg
Failed to parse line  in particles.cfg
Failed to parse line  in particles.cfg
Failed to parse line  in particles.cfg
Failed to parse line  in particles.cfg
Failed to parse line  in particles.cfg
Failed to parse line  in particles.cfg
Failed to parse line  in particles.cfg
Failed to parse line  in particles.cfg
Failed to parse line  in particles.cfg
Failed to parse line  in particles.cfg
Failed to parse line  in particles.cfg
Failed to parse line  in particles.cfg
Failed to parse line  in particles.cfg
Failed to parse line  in particles.cfg
Failed to parse line  in particles.cfg
Failed to parse line  in particles.cfg
Failed to parse line  in particles.cfg
Failed to parse line  in particles.cfg
Failed to parse line  in particles.cfg
Failed to parse line  in particles.cfg
Failed to parse line  in particles.cfg
Failed to parse line  in particles.cfg
Failed to parse line  in particles.cfg
Failed to parse line  in particles.cfg
Failed to parse line  in particles.cfg
Failed to parse line  in particles.cfg
Failed to parse line  in particles.cfg
Failed to parse line  in particles.cfg
Failed to parse line  in particles.cfg
Failed to parse line  in particles.cfg
Failed to parse line  in particles.cfg
Failed to parse line  in particles.cfg
Failed to parse line  in particles.cfg
Failed to parse line  in particles.cfg
Failed to parse line  in particles.cfg
Failed to parse line  in particles.cfg
Failed to parse line  in particles.cfg
Diamond systems shutting down.

Log opened on 12/29/2016 0:06:18
Diamond systems are online and ready to roll.
Failed to parse line  in particles.cfg
Failed to parse line  in particles.cfg
Failed to parse line  in particles.cfg
Failed to parse line  in particles.cfg
Failed to parse line  in particles.cfg
Failed to parse line  in particles.cfg
Failed to parse line  in particles.cfg
Failed to parse line  in particles.cfg
Failed to parse line  in particles.cfg

Log opened on 12/29/2016 0:09:08
Diamond systems are online and ready to roll.
Failed to parse line  in particles.cfg
Failed to parse line  in particles.cfg
Failed to parse line  in particles.cfg
Failed to parse line  in particles.cfg
Failed to parse line  in particles.cfg
Failed to parse line  in particles.cfg
Failed to parse line  in particles.cfg
Failed to parse line  in particles.cfg
Failed to parse line  in particles.cfg

Log opened on 12/29/2016 0:19:09
Diamond systems are online and ready to roll.
Failed to parse line  in particles.cfg
Failed to parse line  in particles.cfg
Failed to parse line  in particles.cfg
Failed to parse line  in particles.cfg
Failed to parse line  in particles.cfg
Failed to parse line  in particles.cfg
Failed to parse line  in particles.cfg
Failed to parse line  in particles.cfg
Failed to parse line  in particles.cfg

Log opened on 12/29/2016 0:19:21
Diamond systems are online and ready to roll.
Failed to parse line  in particles.cfg
Failed to parse line  in particles.cfg
Failed to parse line  in particles.cfg
Failed to parse line  in particles.cfg
Failed to parse line  in particles.cfg
Failed to parse line  in particles.cfg
Failed to parse line  in particles.cfg
Failed to parse line  in particles.cfg
Failed to parse line  in particles.cfg
Failed to parse line  in particles.cfg
Failed to parse line  in particles.cfg
Failed to parse line  in particles.cfg
Failed to parse line  in particles.cfg
Failed to parse line  in particles.cfg
Failed to parse line  in particles.cfg
Failed to parse line  in particles.cfg
Failed to parse line  in particles.cfg
Failed to parse line  in particles.cfg
Failed to parse line  in particles.cfg
Failed to parse line  in particles.cfg
Failed to parse line  in particles.cfg
Failed to parse line  in particles.cfg
Failed to parse line  in particles.cfg
Failed to parse line  in particles.cfg
Failed to parse line  in particles.cfg
Failed to parse line  in particles.cfg
Failed to parse line  in particles.cfg
Failed to parse line  in particles.cfg
Failed to parse line  in particles.cfg
Failed to parse line  in particles.cfg
Failed to parse line  in particles.cfg
Failed to parse line  in particles.cfg
Failed to parse line  in particles.cfg
Failed to parse line  in particles.cfg
Failed to parse line  in particles.cfg
Failed to parse line  in particles.cfg
Failed to parse line  in particles.cfg
Failed to parse line  in particles.cfg
Failed to parse line  in particles.cfg
Failed to parse line  in particles.cfg
Failed to parse line  in particles.cfg
Failed to parse line  in particles.cfg
Failed to parse line  in particles.cfg
Failed to parse line  in particles.cfg
Failed to parse line  in particles.cfg
Failed to parse line  in particles.cfg
Failed to parse line  in particles.cfg
Failed to parse line  in particles.cfg
Failed to parse line  in particles.cfg
Failed to parse line  in particles.cfg
Failed to parse line  in particles.cfg
Failed to parse line  in particles.cfg
Failed to parse line  in particles.cfg
Failed to parse line  in particles.cfg
Diamond systems shutting down.

Log opened on 12/29/2016 20:28:56
Diamond systems are online and ready to roll.
Diamond systems shutting down.
